[[15:39:20.923]] [LOG]    TSDC Project api server running at port 1665
[0mOPTIONS /api/CONSOLIDATECART [32m200 [0m5.587 ms - 4[0m
- "OPTIONS /api/CONSOLIDATECART"
[[15:39:23.805]] [LOG]    CONSOLIDATE CARTDATA :1
[0mPOST /api/CONSOLIDATECART [32m200 [0m92.483 ms - 854[0m
- "POST /api/CONSOLIDATECART"
[[15:39:28.757]] [LOG]    CONSOLIDATE CARTDATA :1
[0mPOST /api/CONSOLIDATECART [32m200 [0m33.181 ms - 854[0m
- "POST /api/CONSOLIDATECART"
[0mOPTIONS /api/CONSOLIDATECART [32m200 [0m1.466 ms - 4[0m
- "OPTIONS /api/CONSOLIDATECART"
[[15:39:33.772]] [LOG]    CONSOLIDATE CARTDATA :1
[0mPOST /api/CONSOLIDATECART [32m200 [0m39.256 ms - 854[0m
- "POST /api/CONSOLIDATECART"
[[15:39:38.755]] [LOG]    CONSOLIDATE CARTDATA :1
[0mPOST /api/CONSOLIDATECART [32m200 [0m34.329 ms - 854[0m
- "POST /api/CONSOLIDATECART"
[0mOPTIONS /api/CONSOLIDATECART [32m200 [0m0.552 ms - 4[0m
- "OPTIONS /api/CONSOLIDATECART"
[[15:39:43.764]] [LOG]    CONSOLIDATE CARTDATA :1
[0mPOST /api/CONSOLIDATECART [32m200 [0m29.808 ms - 854[0m
- "POST /api/CONSOLIDATECART"
[[15:39:48.753]] [LOG]    CONSOLIDATE CARTDATA :1
[0mPOST /api/CONSOLIDATECART [32m200 [0m29.616 ms - 854[0m
- "POST /api/CONSOLIDATECART"
[0mOPTIONS /api/CONSOLIDATECART [32m200 [0m0.584 ms - 4[0m
- "OPTIONS /api/CONSOLIDATECART"
[[15:39:53.763]] [LOG]    CONSOLIDATE CARTDATA :1
[0mPOST /api/CONSOLIDATECART [32m200 [0m32.659 ms - 854[0m
- "POST /api/CONSOLIDATECART"
[[15:39:58.753]] [LOG]    CONSOLIDATE CARTDATA :1
[0mPOST /api/CONSOLIDATECART [32m200 [0m27.398 ms - 854[0m
- "POST /api/CONSOLIDATECART"
[0mOPTIONS /api/CONSOLIDATECART [32m200 [0m0.569 ms - 4[0m
- "OPTIONS /api/CONSOLIDATECART"
[[15:40:03.764]] [LOG]    CONSOLIDATE CARTDATA :1
[0mPOST /api/CONSOLIDATECART [32m200 [0m30.228 ms - 854[0m
- "POST /api/CONSOLIDATECART"
[[15:40:08.753]] [LOG]    CONSOLIDATE CARTDATA :1
[0mPOST /api/CONSOLIDATECART [32m200 [0m31.125 ms - 854[0m
- "POST /api/CONSOLIDATECART"
[0mOPTIONS /api/CONSOLIDATECART [32m200 [0m0.572 ms - 4[0m
- "OPTIONS /api/CONSOLIDATECART"
[[15:40:13.764]] [LOG]    CONSOLIDATE CARTDATA :1
[0mPOST /api/CONSOLIDATECART [32m200 [0m28.678 ms - 854[0m
- "POST /api/CONSOLIDATECART"
[[15:40:18.753]] [LOG]    CONSOLIDATE CARTDATA :1
[0mPOST /api/CONSOLIDATECART [32m200 [0m39.405 ms - 854[0m
- "POST /api/CONSOLIDATECART"
[0mOPTIONS /api/CONSOLIDATECART [32m200 [0m0.549 ms - 4[0m
- "OPTIONS /api/CONSOLIDATECART"
[[15:40:23.795]] [LOG]    CONSOLIDATE CARTDATA :1
[0mPOST /api/CONSOLIDATECART [32m200 [0m30.289 ms - 854[0m
- "POST /api/CONSOLIDATECART"
[[15:40:28.781]] [LOG]    CONSOLIDATE CARTDATA :1
[0mPOST /api/CONSOLIDATECART [32m200 [0m29.098 ms - 854[0m
- "POST /api/CONSOLIDATECART"
[0mOPTIONS /api/CONSOLIDATECART [32m200 [0m0.533 ms - 4[0m
- "OPTIONS /api/CONSOLIDATECART"
[[15:40:32.496]] [LOG]    CONSOLIDATE CARTDATA :1
[0mPOST /api/CONSOLIDATECART [32m200 [0m29.923 ms - 854[0m
- "POST /api/CONSOLIDATECART"
[[15:40:37.492]] [LOG]    CONSOLIDATE CARTDATA :1
[0mPOST /api/CONSOLIDATECART [32m200 [0m25.175 ms - 854[0m
- "POST /api/CONSOLIDATECART"
[0mOPTIONS /api/CONSOLIDATECART [32m200 [0m0.564 ms - 4[0m
- "OPTIONS /api/CONSOLIDATECART"
[[15:40:42.499]] [LOG]    CONSOLIDATE CARTDATA :1
[0mPOST /api/CONSOLIDATECART [32m200 [0m29.155 ms - 854[0m
- "POST /api/CONSOLIDATECART"
[[15:40:47.488]] [LOG]    CONSOLIDATE CARTDATA :1
[0mPOST /api/CONSOLIDATECART [32m200 [0m32.341 ms - 854[0m
- "POST /api/CONSOLIDATECART"
[0mOPTIONS /api/CONSOLIDATECART [32m200 [0m0.578 ms - 4[0m
- "OPTIONS /api/CONSOLIDATECART"
[[15:40:52.500]] [LOG]    CONSOLIDATE CARTDATA :1
[0mPOST /api/CONSOLIDATECART [32m200 [0m35.846 ms - 854[0m
- "POST /api/CONSOLIDATECART"
[[15:40:54.016]] [LOG]    CONSOLIDATE CARTDATA :1
[0mPOST /api/CONSOLIDATECART [32m200 [0m23.646 ms - 854[0m
- "POST /api/CONSOLIDATECART"
[0mOPTIONS /api/CONSOLIDATECART [32m200 [0m0.478 ms - 4[0m
- "OPTIONS /api/CONSOLIDATECART"
[[15:40:59.032]] [LOG]    CONSOLIDATE CARTDATA :1
[0mPOST /api/CONSOLIDATECART [32m200 [0m31.443 ms - 854[0m
- "POST /api/CONSOLIDATECART"
[[15:41:04.020]] [LOG]    CONSOLIDATE CARTDATA :1
[0mPOST /api/CONSOLIDATECART [32m200 [0m29.284 ms - 854[0m
- "POST /api/CONSOLIDATECART"
[0mOPTIONS /api/CONSOLIDATECART [32m200 [0m0.551 ms - 4[0m
- "OPTIONS /api/CONSOLIDATECART"
[[15:41:09.038]] [LOG]    CONSOLIDATE CARTDATA :1
[0mPOST /api/CONSOLIDATECART [32m200 [0m34.794 ms - 854[0m
- "POST /api/CONSOLIDATECART"
[[15:41:14.020]] [LOG]    CONSOLIDATE CARTDATA :1
[0mPOST /api/CONSOLIDATECART [32m200 [0m29.069 ms - 854[0m
- "POST /api/CONSOLIDATECART"
[0mOPTIONS /api/CONSOLIDATECART [32m200 [0m0.615 ms - 4[0m
- "OPTIONS /api/CONSOLIDATECART"
[[15:41:19.031]] [LOG]    CONSOLIDATE CARTDATA :1
[0mPOST /api/CONSOLIDATECART [32m200 [0m30.777 ms - 854[0m
- "POST /api/CONSOLIDATECART"
[[15:41:24.009]] [LOG]    CONSOLIDATE CARTDATA :1
[0mPOST /api/CONSOLIDATECART [32m200 [0m31.512 ms - 854[0m
- "POST /api/CONSOLIDATECART"
[0mOPTIONS /api/CONSOLIDATECART [32m200 [0m0.604 ms - 4[0m
- "OPTIONS /api/CONSOLIDATECART"
[[15:41:29.020]] [LOG]    CONSOLIDATE CARTDATA :1
[0mPOST /api/CONSOLIDATECART [32m200 [0m33.344 ms - 854[0m
- "POST /api/CONSOLIDATECART"
[[15:41:34.008]] [LOG]    CONSOLIDATE CARTDATA :1
[0mPOST /api/CONSOLIDATECART [32m200 [0m31.454 ms - 854[0m
- "POST /api/CONSOLIDATECART"
[0mOPTIONS /api/CONSOLIDATECART [32m200 [0m0.584 ms - 4[0m
- "OPTIONS /api/CONSOLIDATECART"
[[15:41:39.022]] [LOG]    CONSOLIDATE CARTDATA :1
[0mPOST /api/CONSOLIDATECART [32m200 [0m35.634 ms - 854[0m
- "POST /api/CONSOLIDATECART"
[[15:41:44.008]] [LOG]    CONSOLIDATE CARTDATA :1
[0mPOST /api/CONSOLIDATECART [32m200 [0m31.606 ms - 854[0m
- "POST /api/CONSOLIDATECART"
[0mOPTIONS /api/CONSOLIDATECART [32m200 [0m0.579 ms - 4[0m
- "OPTIONS /api/CONSOLIDATECART"
[[15:41:49.024]] [LOG]    CONSOLIDATE CARTDATA :1
[0mPOST /api/CONSOLIDATECART [32m200 [0m29.484 ms - 854[0m
- "POST /api/CONSOLIDATECART"
[[15:41:50.839]] [LOG]    CONSOLIDATE CARTDATA :1
[0mPOST /api/CONSOLIDATECART [32m200 [0m31.147 ms - 854[0m
- "POST /api/CONSOLIDATECART"
[0mOPTIONS /api/CONSOLIDATECART [32m200 [0m0.614 ms - 4[0m
- "OPTIONS /api/CONSOLIDATECART"
[[15:41:55.852]] [LOG]    CONSOLIDATE CARTDATA :1
[0mPOST /api/CONSOLIDATECART [32m200 [0m34.233 ms - 854[0m
- "POST /api/CONSOLIDATECART"
[[15:42:00.844]] [LOG]    CONSOLIDATE CARTDATA :1
[0mPOST /api/CONSOLIDATECART [32m200 [0m27.203 ms - 854[0m
- "POST /api/CONSOLIDATECART"
[0mOPTIONS /api/CONSOLIDATECART [32m200 [0m0.564 ms - 4[0m
- "OPTIONS /api/CONSOLIDATECART"
[[15:42:05.854]] [LOG]    CONSOLIDATE CARTDATA :1
[0mPOST /api/CONSOLIDATECART [32m200 [0m29.477 ms - 854[0m
- "POST /api/CONSOLIDATECART"
[[15:42:10.844]] [LOG]    CONSOLIDATE CARTDATA :1
[0mPOST /api/CONSOLIDATECART [32m200 [0m32.044 ms - 854[0m
- "POST /api/CONSOLIDATECART"
[0mOPTIONS /api/CONSOLIDATECART [32m200 [0m0.617 ms - 4[0m
- "OPTIONS /api/CONSOLIDATECART"
[[15:42:15.849]] [LOG]    CONSOLIDATE CARTDATA :1
[0mPOST /api/CONSOLIDATECART [32m200 [0m35.003 ms - 854[0m
- "POST /api/CONSOLIDATECART"
[[15:42:20.841]] [LOG]    CONSOLIDATE CARTDATA :1
[0mPOST /api/CONSOLIDATECART [32m200 [0m31.558 ms - 854[0m
- "POST /api/CONSOLIDATECART"
[0mOPTIONS /api/CONSOLIDATECART [32m200 [0m0.282 ms - 4[0m
- "OPTIONS /api/CONSOLIDATECART"
[[15:42:25.809]] [LOG]    CONSOLIDATE CARTDATA :1
[0mPOST /api/CONSOLIDATECART [32m200 [0m22.611 ms - 854[0m
- "POST /api/CONSOLIDATECART"
[[15:42:30.797]] [LOG]    CONSOLIDATE CARTDATA :1
[0mPOST /api/CONSOLIDATECART [32m200 [0m30.272 ms - 854[0m
- "POST /api/CONSOLIDATECART"
[0mOPTIONS /api/CONSOLIDATECART [32m200 [0m0.566 ms - 4[0m
- "OPTIONS /api/CONSOLIDATECART"
[[15:42:35.809]] [LOG]    CONSOLIDATE CARTDATA :1
[0mPOST /api/CONSOLIDATECART [32m200 [0m34.054 ms - 854[0m
- "POST /api/CONSOLIDATECART"
[[15:42:40.797]] [LOG]    CONSOLIDATE CARTDATA :1
[0mPOST /api/CONSOLIDATECART [32m200 [0m31.146 ms - 854[0m
- "POST /api/CONSOLIDATECART"
[0mOPTIONS /api/CONSOLIDATECART [32m200 [0m0.572 ms - 4[0m
- "OPTIONS /api/CONSOLIDATECART"
[[15:42:45.807]] [LOG]    CONSOLIDATE CARTDATA :1
[0mPOST /api/CONSOLIDATECART [32m200 [0m28.352 ms - 854[0m
- "POST /api/CONSOLIDATECART"
[[15:42:50.796]] [LOG]    CONSOLIDATE CARTDATA :1
[0mPOST /api/CONSOLIDATECART [32m200 [0m28.173 ms - 854[0m
- "POST /api/CONSOLIDATECART"
[0mOPTIONS /api/CONSOLIDATECART [32m200 [0m0.567 ms - 4[0m
- "OPTIONS /api/CONSOLIDATECART"
[[15:42:55.804]] [LOG]    CONSOLIDATE CARTDATA :1
[0mPOST /api/CONSOLIDATECART [32m200 [0m29.505 ms - 854[0m
- "POST /api/CONSOLIDATECART"
[[15:43:00.795]] [LOG]    CONSOLIDATE CARTDATA :1
[0mPOST /api/CONSOLIDATECART [32m200 [0m33.495 ms - 854[0m
- "POST /api/CONSOLIDATECART"
[0mOPTIONS /api/CONSOLIDATECART [32m200 [0m0.582 ms - 4[0m
- "OPTIONS /api/CONSOLIDATECART"
[[15:43:05.805]] [LOG]    CONSOLIDATE CARTDATA :1
[0mPOST /api/CONSOLIDATECART [32m200 [0m30.153 ms - 854[0m
- "POST /api/CONSOLIDATECART"
[[15:43:10.794]] [LOG]    CONSOLIDATE CARTDATA :1
[0mPOST /api/CONSOLIDATECART [32m200 [0m30.078 ms - 854[0m
- "POST /api/CONSOLIDATECART"
[0mOPTIONS /api/CONSOLIDATECART [32m200 [0m0.455 ms - 4[0m
- "OPTIONS /api/CONSOLIDATECART"
[[15:43:15.801]] [LOG]    CONSOLIDATE CARTDATA :1
[0mPOST /api/CONSOLIDATECART [32m200 [0m23.503 ms - 854[0m
- "POST /api/CONSOLIDATECART"
[[15:43:20.794]] [LOG]    CONSOLIDATE CARTDATA :1
[0mPOST /api/CONSOLIDATECART [32m200 [0m21.339 ms - 854[0m
- "POST /api/CONSOLIDATECART"
[0mOPTIONS /api/CONSOLIDATECART [32m200 [0m0.546 ms - 4[0m
- "OPTIONS /api/CONSOLIDATECART"
[[15:43:25.812]] [LOG]    CONSOLIDATE CARTDATA :1
[0mPOST /api/CONSOLIDATECART [32m200 [0m29.113 ms - 854[0m
- "POST /api/CONSOLIDATECART"
[[15:43:30.808]] [LOG]    CONSOLIDATE CARTDATA :1
[0mPOST /api/CONSOLIDATECART [32m200 [0m26.159 ms - 854[0m
- "POST /api/CONSOLIDATECART"
[0mOPTIONS /api/CONSOLIDATECART [32m200 [0m0.522 ms - 4[0m
- "OPTIONS /api/CONSOLIDATECART"
[[15:43:35.816]] [LOG]    CONSOLIDATE CARTDATA :1
[0mPOST /api/CONSOLIDATECART [32m200 [0m38.157 ms - 854[0m
- "POST /api/CONSOLIDATECART"
[[15:43:40.804]] [LOG]    CONSOLIDATE CARTDATA :1
[0mPOST /api/CONSOLIDATECART [32m200 [0m30.739 ms - 854[0m
- "POST /api/CONSOLIDATECART"
[0mOPTIONS /api/CONSOLIDATECART [32m200 [0m0.574 ms - 4[0m
- "OPTIONS /api/CONSOLIDATECART"
[[15:43:45.816]] [LOG]    CONSOLIDATE CARTDATA :1
[0mPOST /api/CONSOLIDATECART [32m200 [0m34.266 ms - 854[0m
- "POST /api/CONSOLIDATECART"
[[15:43:50.802]] [LOG]    CONSOLIDATE CARTDATA :1
[0mPOST /api/CONSOLIDATECART [32m200 [0m30.553 ms - 854[0m
- "POST /api/CONSOLIDATECART"
[0mOPTIONS /api/CONSOLIDATECART [32m200 [0m0.419 ms - 4[0m
- "OPTIONS /api/CONSOLIDATECART"
[[15:43:55.813]] [LOG]    CONSOLIDATE CARTDATA :1
[0mPOST /api/CONSOLIDATECART [32m200 [0m29.474 ms - 854[0m
- "POST /api/CONSOLIDATECART"
[[15:44:00.801]] [LOG]    CONSOLIDATE CARTDATA :1
[0mPOST /api/CONSOLIDATECART [32m200 [0m27.266 ms - 854[0m
- "POST /api/CONSOLIDATECART"
[0mOPTIONS /api/CONSOLIDATECART [32m200 [0m0.325 ms - 4[0m
- "OPTIONS /api/CONSOLIDATECART"
[[15:44:05.815]] [LOG]    CONSOLIDATE CARTDATA :1
[0mPOST /api/CONSOLIDATECART [32m200 [0m23.807 ms - 854[0m
- "POST /api/CONSOLIDATECART"
[[15:44:10.801]] [LOG]    CONSOLIDATE CARTDATA :1
[0mPOST /api/CONSOLIDATECART [32m200 [0m32.229 ms - 854[0m
- "POST /api/CONSOLIDATECART"
[0mOPTIONS /api/CONSOLIDATECART [32m200 [0m0.530 ms - 4[0m
- "OPTIONS /api/CONSOLIDATECART"
[[15:44:15.817]] [LOG]    CONSOLIDATE CARTDATA :1
[0mPOST /api/CONSOLIDATECART [32m200 [0m30.186 ms - 854[0m
- "POST /api/CONSOLIDATECART"
[[15:44:20.802]] [LOG]    CONSOLIDATE CARTDATA :1
[0mPOST /api/CONSOLIDATECART [32m200 [0m32.872 ms - 854[0m
- "POST /api/CONSOLIDATECART"
[0mOPTIONS /api/CONSOLIDATECART [32m200 [0m0.507 ms - 4[0m
- "OPTIONS /api/CONSOLIDATECART"
[[15:44:25.794]] [LOG]    CONSOLIDATE CARTDATA :1
[0mPOST /api/CONSOLIDATECART [32m200 [0m29.972 ms - 854[0m
- "POST /api/CONSOLIDATECART"
[[15:44:30.784]] [LOG]    CONSOLIDATE CARTDATA :1
[0mPOST /api/CONSOLIDATECART [32m200 [0m35.001 ms - 854[0m
- "POST /api/CONSOLIDATECART"
[0mOPTIONS /api/CONSOLIDATECART [32m200 [0m0.532 ms - 4[0m
- "OPTIONS /api/CONSOLIDATECART"
[[15:44:35.786]] [LOG]    CONSOLIDATE CARTDATA :1
[0mPOST /api/CONSOLIDATECART [32m200 [0m32.426 ms - 854[0m
- "POST /api/CONSOLIDATECART"
[[15:44:40.783]] [LOG]    CONSOLIDATE CARTDATA :1
[0mPOST /api/CONSOLIDATECART [32m200 [0m28.141 ms - 854[0m
- "POST /api/CONSOLIDATECART"
[0mOPTIONS /api/CONSOLIDATECART [32m200 [0m0.512 ms - 4[0m
- "OPTIONS /api/CONSOLIDATECART"
[[15:44:45.793]] [LOG]    CONSOLIDATE CARTDATA :1
[0mPOST /api/CONSOLIDATECART [32m200 [0m34.636 ms - 854[0m
- "POST /api/CONSOLIDATECART"
[[15:44:50.780]] [LOG]    CONSOLIDATE CARTDATA :1
[0mPOST /api/CONSOLIDATECART [32m200 [0m25.030 ms - 854[0m
- "POST /api/CONSOLIDATECART"
[0mOPTIONS /api/CONSOLIDATECART [32m200 [0m0.495 ms - 4[0m
- "OPTIONS /api/CONSOLIDATECART"
[[15:44:55.792]] [LOG]    CONSOLIDATE CARTDATA :1
[0mPOST /api/CONSOLIDATECART [32m200 [0m31.016 ms - 854[0m
- "POST /api/CONSOLIDATECART"
[[15:45:00.781]] [LOG]    CONSOLIDATE CARTDATA :1
[0mPOST /api/CONSOLIDATECART [32m200 [0m35.425 ms - 854[0m
- "POST /api/CONSOLIDATECART"
[0mOPTIONS /api/CONSOLIDATECART [32m200 [0m0.509 ms - 4[0m
- "OPTIONS /api/CONSOLIDATECART"
[[15:45:05.795]] [LOG]    CONSOLIDATE CARTDATA :1
[0mPOST /api/CONSOLIDATECART [32m200 [0m30.980 ms - 854[0m
- "POST /api/CONSOLIDATECART"
[[15:45:10.779]] [LOG]    CONSOLIDATE CARTDATA :1
[0mPOST /api/CONSOLIDATECART [32m200 [0m30.726 ms - 854[0m
- "POST /api/CONSOLIDATECART"
[0mOPTIONS /api/CONSOLIDATECART [32m200 [0m0.572 ms - 4[0m
- "OPTIONS /api/CONSOLIDATECART"
[[15:45:15.796]] [LOG]    CONSOLIDATE CARTDATA :1
[0mPOST /api/CONSOLIDATECART [32m200 [0m31.132 ms - 854[0m
- "POST /api/CONSOLIDATECART"
[[15:45:20.781]] [LOG]    CONSOLIDATE CARTDATA :1
[0mPOST /api/CONSOLIDATECART [32m200 [0m29.278 ms - 854[0m
- "POST /api/CONSOLIDATECART"
[0mOPTIONS /api/CONSOLIDATECART [32m200 [0m0.510 ms - 4[0m
- "OPTIONS /api/CONSOLIDATECART"
[[15:45:25.751]] [LOG]    CONSOLIDATE CARTDATA :1
[0mPOST /api/CONSOLIDATECART [32m200 [0m33.584 ms - 854[0m
- "POST /api/CONSOLIDATECART"
[[15:45:30.738]] [LOG]    CONSOLIDATE CARTDATA :1
[0mPOST /api/CONSOLIDATECART [32m200 [0m27.502 ms - 854[0m
- "POST /api/CONSOLIDATECART"
[0mOPTIONS /api/CONSOLIDATECART [32m200 [0m0.501 ms - 4[0m
- "OPTIONS /api/CONSOLIDATECART"
[[15:45:35.749]] [LOG]    CONSOLIDATE CARTDATA :1
[0mPOST /api/CONSOLIDATECART [32m200 [0m27.807 ms - 854[0m
- "POST /api/CONSOLIDATECART"
[[15:45:40.735]] [LOG]    CONSOLIDATE CARTDATA :1
[0mPOST /api/CONSOLIDATECART [32m200 [0m26.340 ms - 854[0m
- "POST /api/CONSOLIDATECART"
[0mOPTIONS /api/CONSOLIDATECART [32m200 [0m0.507 ms - 4[0m
- "OPTIONS /api/CONSOLIDATECART"
[[15:45:45.744]] [LOG]    CONSOLIDATE CARTDATA :1
[0mPOST /api/CONSOLIDATECART [32m200 [0m32.309 ms - 854[0m
- "POST /api/CONSOLIDATECART"
[[15:45:50.737]] [LOG]    CONSOLIDATE CARTDATA :1
[0mPOST /api/CONSOLIDATECART [32m200 [0m29.445 ms - 854[0m
- "POST /api/CONSOLIDATECART"
[0mOPTIONS /api/CONSOLIDATECART [32m200 [0m0.513 ms - 4[0m
- "OPTIONS /api/CONSOLIDATECART"
[[15:45:55.747]] [LOG]    CONSOLIDATE CARTDATA :1
[0mPOST /api/CONSOLIDATECART [32m200 [0m27.794 ms - 854[0m
- "POST /api/CONSOLIDATECART"
[[15:46:00.737]] [LOG]    CONSOLIDATE CARTDATA :1
[0mPOST /api/CONSOLIDATECART [32m200 [0m31.030 ms - 854[0m
- "POST /api/CONSOLIDATECART"
[0mOPTIONS /api/CONSOLIDATECART [32m200 [0m0.496 ms - 4[0m
- "OPTIONS /api/CONSOLIDATECART"
[[15:46:05.746]] [LOG]    CONSOLIDATE CARTDATA :1
[0mPOST /api/CONSOLIDATECART [32m200 [0m37.162 ms - 854[0m
- "POST /api/CONSOLIDATECART"
[[15:46:10.736]] [LOG]    CONSOLIDATE CARTDATA :1
[0mPOST /api/CONSOLIDATECART [32m200 [0m31.905 ms - 854[0m
- "POST /api/CONSOLIDATECART"
[0mOPTIONS /api/CONSOLIDATECART [32m200 [0m0.574 ms - 4[0m
- "OPTIONS /api/CONSOLIDATECART"
[[15:46:15.746]] [LOG]    CONSOLIDATE CARTDATA :1
[0mPOST /api/CONSOLIDATECART [32m200 [0m28.737 ms - 854[0m
- "POST /api/CONSOLIDATECART"
[[15:46:20.733]] [LOG]    CONSOLIDATE CARTDATA :1
[0mPOST /api/CONSOLIDATECART [32m200 [0m29.761 ms - 854[0m
- "POST /api/CONSOLIDATECART"
[0mOPTIONS /api/CONSOLIDATECART [32m200 [0m0.436 ms - 4[0m
- "OPTIONS /api/CONSOLIDATECART"
[[15:46:25.761]] [LOG]    CONSOLIDATE CARTDATA :1
[0mPOST /api/CONSOLIDATECART [32m200 [0m28.064 ms - 854[0m
- "POST /api/CONSOLIDATECART"
[[15:46:30.749]] [LOG]    CONSOLIDATE CARTDATA :1
[0mPOST /api/CONSOLIDATECART [32m200 [0m30.883 ms - 854[0m
- "POST /api/CONSOLIDATECART"
[0mOPTIONS /api/CONSOLIDATECART [32m200 [0m0.515 ms - 4[0m
- "OPTIONS /api/CONSOLIDATECART"
[[15:46:35.767]] [LOG]    CONSOLIDATE CARTDATA :1
[0mPOST /api/CONSOLIDATECART [32m200 [0m30.807 ms - 854[0m
- "POST /api/CONSOLIDATECART"
[[15:46:40.749]] [LOG]    CONSOLIDATE CARTDATA :1
[0mPOST /api/CONSOLIDATECART [32m200 [0m31.280 ms - 854[0m
- "POST /api/CONSOLIDATECART"
[0mOPTIONS /api/CONSOLIDATECART [32m200 [0m0.507 ms - 4[0m
- "OPTIONS /api/CONSOLIDATECART"
[[15:46:45.758]] [LOG]    CONSOLIDATE CARTDATA :1
[0mPOST /api/CONSOLIDATECART [32m200 [0m31.670 ms - 854[0m
- "POST /api/CONSOLIDATECART"
[[15:46:50.747]] [LOG]    CONSOLIDATE CARTDATA :1
[0mPOST /api/CONSOLIDATECART [32m200 [0m28.567 ms - 854[0m
- "POST /api/CONSOLIDATECART"
[0mOPTIONS /api/CONSOLIDATECART [32m200 [0m0.504 ms - 4[0m
- "OPTIONS /api/CONSOLIDATECART"
[[15:46:55.754]] [LOG]    CONSOLIDATE CARTDATA :1
[0mPOST /api/CONSOLIDATECART [32m200 [0m28.378 ms - 854[0m
- "POST /api/CONSOLIDATECART"
[[15:47:00.747]] [LOG]    CONSOLIDATE CARTDATA :1
[0mPOST /api/CONSOLIDATECART [32m200 [0m33.641 ms - 854[0m
- "POST /api/CONSOLIDATECART"
[0mOPTIONS /api/CONSOLIDATECART [32m200 [0m0.510 ms - 4[0m
- "OPTIONS /api/CONSOLIDATECART"
[[15:47:05.757]] [LOG]    CONSOLIDATE CARTDATA :1
[0mPOST /api/CONSOLIDATECART [32m200 [0m27.023 ms - 854[0m
- "POST /api/CONSOLIDATECART"
[[15:47:10.746]] [LOG]    CONSOLIDATE CARTDATA :1
[0mPOST /api/CONSOLIDATECART [32m200 [0m21.843 ms - 854[0m
- "POST /api/CONSOLIDATECART"
[0mOPTIONS /api/CONSOLIDATECART [32m200 [0m0.519 ms - 4[0m
- "OPTIONS /api/CONSOLIDATECART"
[[15:47:15.756]] [LOG]    CONSOLIDATE CARTDATA :1
[0mPOST /api/CONSOLIDATECART [32m200 [0m31.694 ms - 854[0m
- "POST /api/CONSOLIDATECART"
[[15:47:20.745]] [LOG]    CONSOLIDATE CARTDATA :1
[0mPOST /api/CONSOLIDATECART [32m200 [0m30.093 ms - 854[0m
- "POST /api/CONSOLIDATECART"
[0mOPTIONS /api/CONSOLIDATECART [32m200 [0m0.491 ms - 4[0m
- "OPTIONS /api/CONSOLIDATECART"
[[15:47:25.746]] [LOG]    CONSOLIDATE CARTDATA :1
[0mPOST /api/CONSOLIDATECART [32m200 [0m30.249 ms - 854[0m
- "POST /api/CONSOLIDATECART"
[[15:47:30.735]] [LOG]    CONSOLIDATE CARTDATA :1
[0mPOST /api/CONSOLIDATECART [32m200 [0m32.180 ms - 854[0m
- "POST /api/CONSOLIDATECART"
[0mOPTIONS /api/CONSOLIDATECART [32m200 [0m0.492 ms - 4[0m
- "OPTIONS /api/CONSOLIDATECART"
[[15:47:35.742]] [LOG]    CONSOLIDATE CARTDATA :1
[0mPOST /api/CONSOLIDATECART [32m200 [0m33.757 ms - 854[0m
- "POST /api/CONSOLIDATECART"
[[15:47:40.731]] [LOG]    CONSOLIDATE CARTDATA :1
[0mPOST /api/CONSOLIDATECART [32m200 [0m30.382 ms - 854[0m
- "POST /api/CONSOLIDATECART"
[0mOPTIONS /api/CONSOLIDATECART [32m200 [0m0.507 ms - 4[0m
- "OPTIONS /api/CONSOLIDATECART"
[[15:47:45.741]] [LOG]    CONSOLIDATE CARTDATA :1
[0mPOST /api/CONSOLIDATECART [32m200 [0m28.296 ms - 854[0m
- "POST /api/CONSOLIDATECART"
[[15:47:50.729]] [LOG]    CONSOLIDATE CARTDATA :1
[0mPOST /api/CONSOLIDATECART [32m200 [0m34.208 ms - 854[0m
- "POST /api/CONSOLIDATECART"
[0mOPTIONS /api/CONSOLIDATECART [32m200 [0m0.531 ms - 4[0m
- "OPTIONS /api/CONSOLIDATECART"
[[15:47:55.740]] [LOG]    CONSOLIDATE CARTDATA :1
[0mPOST /api/CONSOLIDATECART [32m200 [0m25.133 ms - 854[0m
- "POST /api/CONSOLIDATECART"
[[15:48:00.731]] [LOG]    CONSOLIDATE CARTDATA :1
[0mPOST /api/CONSOLIDATECART [32m200 [0m24.101 ms - 854[0m
- "POST /api/CONSOLIDATECART"
[0mOPTIONS /api/CONSOLIDATECART [32m200 [0m0.959 ms - 4[0m
- "OPTIONS /api/CONSOLIDATECART"
[[15:48:05.742]] [LOG]    CONSOLIDATE CARTDATA :1
[0mPOST /api/CONSOLIDATECART [32m200 [0m30.771 ms - 854[0m
- "POST /api/CONSOLIDATECART"
[[15:48:10.729]] [LOG]    CONSOLIDATE CARTDATA :1
[0mPOST /api/CONSOLIDATECART [32m200 [0m26.165 ms - 854[0m
- "POST /api/CONSOLIDATECART"
[0mOPTIONS /api/CONSOLIDATECART [32m200 [0m0.566 ms - 4[0m
- "OPTIONS /api/CONSOLIDATECART"
[[15:48:15.740]] [LOG]    CONSOLIDATE CARTDATA :1
[0mPOST /api/CONSOLIDATECART [32m200 [0m29.311 ms - 854[0m
- "POST /api/CONSOLIDATECART"
[[15:48:20.726]] [LOG]    CONSOLIDATE CARTDATA :1
[0mPOST /api/CONSOLIDATECART [32m200 [0m33.843 ms - 854[0m
- "POST /api/CONSOLIDATECART"
[0mOPTIONS /api/CONSOLIDATECART [32m200 [0m0.572 ms - 4[0m
- "OPTIONS /api/CONSOLIDATECART"
[[15:48:25.699]] [LOG]    CONSOLIDATE CARTDATA :1
[0mPOST /api/CONSOLIDATECART [32m200 [0m31.169 ms - 854[0m
- "POST /api/CONSOLIDATECART"
[[15:48:30.689]] [LOG]    CONSOLIDATE CARTDATA :1
[0mPOST /api/CONSOLIDATECART [32m200 [0m28.274 ms - 854[0m
- "POST /api/CONSOLIDATECART"
[0mOPTIONS /api/CONSOLIDATECART [32m200 [0m0.558 ms - 4[0m
- "OPTIONS /api/CONSOLIDATECART"
[[15:48:35.695]] [LOG]    CONSOLIDATE CARTDATA :1
[0mPOST /api/CONSOLIDATECART [32m200 [0m34.964 ms - 854[0m
- "POST /api/CONSOLIDATECART"
[[15:48:40.687]] [LOG]    CONSOLIDATE CARTDATA :1
[0mPOST /api/CONSOLIDATECART [32m200 [0m24.566 ms - 854[0m
- "POST /api/CONSOLIDATECART"
[0mOPTIONS /api/CONSOLIDATECART [32m200 [0m0.232 ms - 4[0m
- "OPTIONS /api/CONSOLIDATECART"
[[15:48:45.697]] [LOG]    CONSOLIDATE CARTDATA :1
[0mPOST /api/CONSOLIDATECART [32m200 [0m20.069 ms - 854[0m
- "POST /api/CONSOLIDATECART"
[[15:48:50.690]] [LOG]    CONSOLIDATE CARTDATA :1
[0mPOST /api/CONSOLIDATECART [32m200 [0m30.445 ms - 854[0m
- "POST /api/CONSOLIDATECART"
[0mOPTIONS /api/CONSOLIDATECART [32m200 [0m0.564 ms - 4[0m
- "OPTIONS /api/CONSOLIDATECART"
[[15:48:55.699]] [LOG]    CONSOLIDATE CARTDATA :1
[0mPOST /api/CONSOLIDATECART [32m200 [0m28.556 ms - 854[0m
- "POST /api/CONSOLIDATECART"
[[15:49:00.684]] [LOG]    CONSOLIDATE CARTDATA :1
[0mPOST /api/CONSOLIDATECART [32m200 [0m27.918 ms - 854[0m
- "POST /api/CONSOLIDATECART"
[0mOPTIONS /api/CONSOLIDATECART [32m200 [0m0.566 ms - 4[0m
- "OPTIONS /api/CONSOLIDATECART"
[[15:49:05.698]] [LOG]    CONSOLIDATE CARTDATA :1
[0mPOST /api/CONSOLIDATECART [32m200 [0m28.527 ms - 854[0m
- "POST /api/CONSOLIDATECART"
[[15:49:10.685]] [LOG]    CONSOLIDATE CARTDATA :1
[0mPOST /api/CONSOLIDATECART [32m200 [0m34.311 ms - 854[0m
- "POST /api/CONSOLIDATECART"
[0mOPTIONS /api/CONSOLIDATECART [32m200 [0m0.539 ms - 4[0m
- "OPTIONS /api/CONSOLIDATECART"
[[15:49:15.695]] [LOG]    CONSOLIDATE CARTDATA :1
[0mPOST /api/CONSOLIDATECART [32m200 [0m29.027 ms - 854[0m
- "POST /api/CONSOLIDATECART"
[[15:49:20.685]] [LOG]    CONSOLIDATE CARTDATA :1
[0mPOST /api/CONSOLIDATECART [32m200 [0m28.004 ms - 854[0m
- "POST /api/CONSOLIDATECART"
[0mOPTIONS /api/CONSOLIDATECART [32m200 [0m0.297 ms - 4[0m
- "OPTIONS /api/CONSOLIDATECART"
[[15:49:25.714]] [LOG]    CONSOLIDATE CARTDATA :1
[0mPOST /api/CONSOLIDATECART [32m200 [0m26.265 ms - 854[0m
- "POST /api/CONSOLIDATECART"
[[15:49:30.703]] [LOG]    CONSOLIDATE CARTDATA :1
[0mPOST /api/CONSOLIDATECART [32m200 [0m29.044 ms - 854[0m
- "POST /api/CONSOLIDATECART"
[0mOPTIONS /api/CONSOLIDATECART [32m200 [0m0.563 ms - 4[0m
- "OPTIONS /api/CONSOLIDATECART"
[[15:49:35.715]] [LOG]    CONSOLIDATE CARTDATA :1
[0mPOST /api/CONSOLIDATECART [32m200 [0m32.659 ms - 854[0m
- "POST /api/CONSOLIDATECART"
[[15:49:40.704]] [LOG]    CONSOLIDATE CARTDATA :1
[0mPOST /api/CONSOLIDATECART [32m200 [0m28.362 ms - 854[0m
- "POST /api/CONSOLIDATECART"
[0mOPTIONS /api/CONSOLIDATECART [32m200 [0m0.560 ms - 4[0m
- "OPTIONS /api/CONSOLIDATECART"
[[15:49:45.715]] [LOG]    CONSOLIDATE CARTDATA :1
[0mPOST /api/CONSOLIDATECART [32m200 [0m28.560 ms - 854[0m
- "POST /api/CONSOLIDATECART"
[[15:49:50.703]] [LOG]    CONSOLIDATE CARTDATA :1
[0mPOST /api/CONSOLIDATECART [32m200 [0m30.842 ms - 854[0m
- "POST /api/CONSOLIDATECART"
[0mOPTIONS /api/CONSOLIDATECART [32m200 [0m0.552 ms - 4[0m
- "OPTIONS /api/CONSOLIDATECART"
[[15:49:55.713]] [LOG]    CONSOLIDATE CARTDATA :1
[0mPOST /api/CONSOLIDATECART [32m200 [0m27.076 ms - 854[0m
- "POST /api/CONSOLIDATECART"
[[15:50:00.701]] [LOG]    CONSOLIDATE CARTDATA :1
[0mPOST /api/CONSOLIDATECART [32m200 [0m29.448 ms - 854[0m
- "POST /api/CONSOLIDATECART"
[0mOPTIONS /api/CONSOLIDATECART [32m200 [0m0.331 ms - 4[0m
- "OPTIONS /api/CONSOLIDATECART"
[[15:50:05.722]] [LOG]    CONSOLIDATE CARTDATA :1
[0mPOST /api/CONSOLIDATECART [32m200 [0m17.880 ms - 854[0m
- "POST /api/CONSOLIDATECART"
[[15:50:10.702]] [LOG]    CONSOLIDATE CARTDATA :1
[0mPOST /api/CONSOLIDATECART [32m200 [0m27.309 ms - 854[0m
- "POST /api/CONSOLIDATECART"
[0mOPTIONS /api/CONSOLIDATECART [32m200 [0m0.567 ms - 4[0m
- "OPTIONS /api/CONSOLIDATECART"
[[15:50:15.712]] [LOG]    CONSOLIDATE CARTDATA :1
[0mPOST /api/CONSOLIDATECART [32m200 [0m29.464 ms - 854[0m
- "POST /api/CONSOLIDATECART"
[[15:50:20.700]] [LOG]    CONSOLIDATE CARTDATA :1
[0mPOST /api/CONSOLIDATECART [32m200 [0m26.540 ms - 854[0m
- "POST /api/CONSOLIDATECART"
[0mOPTIONS /api/CONSOLIDATECART [32m200 [0m0.558 ms - 4[0m
- "OPTIONS /api/CONSOLIDATECART"
[[15:50:25.700]] [LOG]    CONSOLIDATE CARTDATA :1
[0mPOST /api/CONSOLIDATECART [32m200 [0m21.709 ms - 854[0m
- "POST /api/CONSOLIDATECART"
[[15:50:30.688]] [LOG]    CONSOLIDATE CARTDATA :1
[0mPOST /api/CONSOLIDATECART [32m200 [0m20.881 ms - 854[0m
- "POST /api/CONSOLIDATECART"
[0mOPTIONS /api/CONSOLIDATECART [32m200 [0m2.187 ms - 4[0m
- "OPTIONS /api/CONSOLIDATECART"
[[15:50:35.700]] [LOG]    CONSOLIDATE CARTDATA :1
[0mPOST /api/CONSOLIDATECART [32m200 [0m19.976 ms - 854[0m
- "POST /api/CONSOLIDATECART"
[[15:50:40.687]] [LOG]    CONSOLIDATE CARTDATA :1
[0mPOST /api/CONSOLIDATECART [32m200 [0m21.467 ms - 854[0m
- "POST /api/CONSOLIDATECART"
[0mOPTIONS /api/CONSOLIDATECART [32m200 [0m0.565 ms - 4[0m
- "OPTIONS /api/CONSOLIDATECART"
[[15:50:45.701]] [LOG]    CONSOLIDATE CARTDATA :1
[0mPOST /api/CONSOLIDATECART [32m200 [0m19.212 ms - 854[0m
- "POST /api/CONSOLIDATECART"
[[15:50:50.686]] [LOG]    CONSOLIDATE CARTDATA :1
[0mPOST /api/CONSOLIDATECART [32m200 [0m20.009 ms - 854[0m
- "POST /api/CONSOLIDATECART"
[0mOPTIONS /api/CONSOLIDATECART [32m200 [0m0.554 ms - 4[0m
- "OPTIONS /api/CONSOLIDATECART"
[[15:50:55.702]] [LOG]    CONSOLIDATE CARTDATA :1
[0mPOST /api/CONSOLIDATECART [32m200 [0m19.084 ms - 854[0m
- "POST /api/CONSOLIDATECART"
[[15:51:00.687]] [LOG]    CONSOLIDATE CARTDATA :1
[0mPOST /api/CONSOLIDATECART [32m200 [0m19.271 ms - 854[0m
- "POST /api/CONSOLIDATECART"
[0mOPTIONS /api/CONSOLIDATECART [32m200 [0m0.571 ms - 4[0m
- "OPTIONS /api/CONSOLIDATECART"
[[15:51:05.698]] [LOG]    CONSOLIDATE CARTDATA :1
[0mPOST /api/CONSOLIDATECART [32m200 [0m24.294 ms - 854[0m
- "POST /api/CONSOLIDATECART"
[[15:51:10.686]] [LOG]    CONSOLIDATE CARTDATA :1
[0mPOST /api/CONSOLIDATECART [32m200 [0m21.491 ms - 854[0m
- "POST /api/CONSOLIDATECART"
[0mOPTIONS /api/CONSOLIDATECART [32m200 [0m0.557 ms - 4[0m
- "OPTIONS /api/CONSOLIDATECART"
[[15:51:15.695]] [LOG]    CONSOLIDATE CARTDATA :1
[0mPOST /api/CONSOLIDATECART [32m200 [0m19.953 ms - 854[0m
- "POST /api/CONSOLIDATECART"
[[15:51:20.686]] [LOG]    CONSOLIDATE CARTDATA :1
[0mPOST /api/CONSOLIDATECART [32m200 [0m23.100 ms - 854[0m
- "POST /api/CONSOLIDATECART"
[0mOPTIONS /api/CONSOLIDATECART [32m200 [0m0.454 ms - 4[0m
- "OPTIONS /api/CONSOLIDATECART"
[[15:51:25.736]] [LOG]    CONSOLIDATE CARTDATA :1
[0mPOST /api/CONSOLIDATECART [32m200 [0m19.114 ms - 854[0m
- "POST /api/CONSOLIDATECART"
[[15:51:30.727]] [LOG]    CONSOLIDATE CARTDATA :1
[0mPOST /api/CONSOLIDATECART [32m200 [0m17.128 ms - 854[0m
- "POST /api/CONSOLIDATECART"
[0mOPTIONS /api/CONSOLIDATECART [32m200 [0m0.574 ms - 4[0m
- "OPTIONS /api/CONSOLIDATECART"
[[15:51:35.738]] [LOG]    CONSOLIDATE CARTDATA :1
[0mPOST /api/CONSOLIDATECART [32m200 [0m21.584 ms - 854[0m
- "POST /api/CONSOLIDATECART"
[[15:51:40.727]] [LOG]    CONSOLIDATE CARTDATA :1
[0mPOST /api/CONSOLIDATECART [32m200 [0m20.027 ms - 854[0m
- "POST /api/CONSOLIDATECART"
[0mOPTIONS /api/CONSOLIDATECART [32m200 [0m0.556 ms - 4[0m
- "OPTIONS /api/CONSOLIDATECART"
[[15:51:45.740]] [LOG]    CONSOLIDATE CARTDATA :1
[0mPOST /api/CONSOLIDATECART [32m200 [0m20.388 ms - 854[0m
- "POST /api/CONSOLIDATECART"
[[15:51:50.725]] [LOG]    CONSOLIDATE CARTDATA :1
[0mPOST /api/CONSOLIDATECART [32m200 [0m21.518 ms - 854[0m
- "POST /api/CONSOLIDATECART"
[0mOPTIONS /api/CONSOLIDATECART [32m200 [0m0.564 ms - 4[0m
- "OPTIONS /api/CONSOLIDATECART"
[[15:51:55.735]] [LOG]    CONSOLIDATE CARTDATA :1
[0mPOST /api/CONSOLIDATECART [32m200 [0m17.725 ms - 854[0m
- "POST /api/CONSOLIDATECART"
[[15:52:00.726]] [LOG]    CONSOLIDATE CARTDATA :1
[0mPOST /api/CONSOLIDATECART [32m200 [0m23.195 ms - 854[0m
- "POST /api/CONSOLIDATECART"
[0mOPTIONS /api/CONSOLIDATECART [32m200 [0m0.582 ms - 4[0m
- "OPTIONS /api/CONSOLIDATECART"
[[15:52:05.735]] [LOG]    CONSOLIDATE CARTDATA :1
[0mPOST /api/CONSOLIDATECART [32m200 [0m14.969 ms - 854[0m
- "POST /api/CONSOLIDATECART"
[[15:52:10.725]] [LOG]    CONSOLIDATE CARTDATA :1
[0mPOST /api/CONSOLIDATECART [32m200 [0m21.431 ms - 854[0m
- "POST /api/CONSOLIDATECART"
[0mOPTIONS /api/CONSOLIDATECART [32m200 [0m0.544 ms - 4[0m
- "OPTIONS /api/CONSOLIDATECART"
[[15:52:15.740]] [LOG]    CONSOLIDATE CARTDATA :1
[0mPOST /api/CONSOLIDATECART [32m200 [0m20.549 ms - 854[0m
- "POST /api/CONSOLIDATECART"
[[15:52:20.723]] [LOG]    CONSOLIDATE CARTDATA :1
[0mPOST /api/CONSOLIDATECART [32m200 [0m21.783 ms - 854[0m
- "POST /api/CONSOLIDATECART"
[0mOPTIONS /api/CONSOLIDATECART [32m200 [0m0.520 ms - 4[0m
- "OPTIONS /api/CONSOLIDATECART"
[[15:52:25.747]] [LOG]    CONSOLIDATE CARTDATA :1
[0mPOST /api/CONSOLIDATECART [32m200 [0m23.053 ms - 854[0m
- "POST /api/CONSOLIDATECART"
[[15:52:30.740]] [LOG]    CONSOLIDATE CARTDATA :1
[0mPOST /api/CONSOLIDATECART [32m200 [0m22.326 ms - 854[0m
- "POST /api/CONSOLIDATECART"
[0mOPTIONS /api/CONSOLIDATECART [32m200 [0m0.483 ms - 4[0m
- "OPTIONS /api/CONSOLIDATECART"
[[15:52:35.751]] [LOG]    CONSOLIDATE CARTDATA :1
[0mPOST /api/CONSOLIDATECART [32m200 [0m23.208 ms - 854[0m
- "POST /api/CONSOLIDATECART"
[[15:52:40.739]] [LOG]    CONSOLIDATE CARTDATA :1
[0mPOST /api/CONSOLIDATECART [32m200 [0m21.772 ms - 854[0m
- "POST /api/CONSOLIDATECART"
[0mOPTIONS /api/CONSOLIDATECART [32m200 [0m0.274 ms - 4[0m
- "OPTIONS /api/CONSOLIDATECART"
[[15:52:45.749]] [LOG]    CONSOLIDATE CARTDATA :1
[0mPOST /api/CONSOLIDATECART [32m200 [0m17.299 ms - 854[0m
- "POST /api/CONSOLIDATECART"
[[15:52:50.739]] [LOG]    CONSOLIDATE CARTDATA :1
[0mPOST /api/CONSOLIDATECART [32m200 [0m20.826 ms - 854[0m
- "POST /api/CONSOLIDATECART"
[0mOPTIONS /api/CONSOLIDATECART [32m200 [0m0.480 ms - 4[0m
- "OPTIONS /api/CONSOLIDATECART"
[[15:52:55.749]] [LOG]    CONSOLIDATE CARTDATA :1
[0mPOST /api/CONSOLIDATECART [32m200 [0m21.001 ms - 854[0m
- "POST /api/CONSOLIDATECART"
[[15:53:00.738]] [LOG]    CONSOLIDATE CARTDATA :1
[0mPOST /api/CONSOLIDATECART [32m200 [0m23.823 ms - 854[0m
- "POST /api/CONSOLIDATECART"
[0mOPTIONS /api/CONSOLIDATECART [32m200 [0m0.495 ms - 4[0m
- "OPTIONS /api/CONSOLIDATECART"
[[15:53:05.748]] [LOG]    CONSOLIDATE CARTDATA :1
[0mPOST /api/CONSOLIDATECART [32m200 [0m21.252 ms - 854[0m
- "POST /api/CONSOLIDATECART"
[[15:53:10.737]] [LOG]    CONSOLIDATE CARTDATA :1
[0mPOST /api/CONSOLIDATECART [32m200 [0m21.072 ms - 854[0m
- "POST /api/CONSOLIDATECART"
[0mOPTIONS /api/CONSOLIDATECART [32m200 [0m0.504 ms - 4[0m
- "OPTIONS /api/CONSOLIDATECART"
[[15:53:15.748]] [LOG]    CONSOLIDATE CARTDATA :1
[0mPOST /api/CONSOLIDATECART [32m200 [0m23.401 ms - 854[0m
- "POST /api/CONSOLIDATECART"
[[15:53:20.736]] [LOG]    CONSOLIDATE CARTDATA :1
[0mPOST /api/CONSOLIDATECART [32m200 [0m19.883 ms - 854[0m
- "POST /api/CONSOLIDATECART"
[0mOPTIONS /api/CONSOLIDATECART [32m200 [0m0.475 ms - 4[0m
- "OPTIONS /api/CONSOLIDATECART"
[[15:53:25.706]] [LOG]    CONSOLIDATE CARTDATA :1
[0mPOST /api/CONSOLIDATECART [32m200 [0m14.616 ms - 854[0m
- "POST /api/CONSOLIDATECART"
[[15:53:30.700]] [LOG]    CONSOLIDATE CARTDATA :1
[0mPOST /api/CONSOLIDATECART [32m200 [0m21.296 ms - 854[0m
- "POST /api/CONSOLIDATECART"
[0mOPTIONS /api/CONSOLIDATECART [32m200 [0m0.481 ms - 4[0m
- "OPTIONS /api/CONSOLIDATECART"
[[15:53:35.710]] [LOG]    CONSOLIDATE CARTDATA :1
[0mPOST /api/CONSOLIDATECART [32m200 [0m20.142 ms - 854[0m
- "POST /api/CONSOLIDATECART"
[[15:53:40.700]] [LOG]    CONSOLIDATE CARTDATA :1
[0mPOST /api/CONSOLIDATECART [32m200 [0m22.550 ms - 854[0m
- "POST /api/CONSOLIDATECART"
[0mOPTIONS /api/CONSOLIDATECART [32m200 [0m0.511 ms - 4[0m
- "OPTIONS /api/CONSOLIDATECART"
[[15:53:45.710]] [LOG]    CONSOLIDATE CARTDATA :1
[0mPOST /api/CONSOLIDATECART [32m200 [0m21.415 ms - 854[0m
- "POST /api/CONSOLIDATECART"
[[15:53:50.698]] [LOG]    CONSOLIDATE CARTDATA :1
[0mPOST /api/CONSOLIDATECART [32m200 [0m19.230 ms - 854[0m
- "POST /api/CONSOLIDATECART"
[0mOPTIONS /api/CONSOLIDATECART [32m200 [0m0.488 ms - 4[0m
- "OPTIONS /api/CONSOLIDATECART"
[[15:53:55.708]] [LOG]    CONSOLIDATE CARTDATA :1
[0mPOST /api/CONSOLIDATECART [32m200 [0m21.569 ms - 854[0m
- "POST /api/CONSOLIDATECART"
[[15:54:00.695]] [LOG]    CONSOLIDATE CARTDATA :1
[0mPOST /api/CONSOLIDATECART [32m200 [0m20.120 ms - 854[0m
- "POST /api/CONSOLIDATECART"
[0mOPTIONS /api/CONSOLIDATECART [32m200 [0m0.485 ms - 4[0m
- "OPTIONS /api/CONSOLIDATECART"
[[15:54:05.708]] [LOG]    CONSOLIDATE CARTDATA :1
[0mPOST /api/CONSOLIDATECART [32m200 [0m22.801 ms - 854[0m
- "POST /api/CONSOLIDATECART"
[[15:54:10.695]] [LOG]    CONSOLIDATE CARTDATA :1
[0mPOST /api/CONSOLIDATECART [32m200 [0m16.519 ms - 854[0m
- "POST /api/CONSOLIDATECART"
[0mOPTIONS /api/CONSOLIDATECART [32m200 [0m0.467 ms - 4[0m
- "OPTIONS /api/CONSOLIDATECART"
[[15:54:15.708]] [LOG]    CONSOLIDATE CARTDATA :1
[0mPOST /api/CONSOLIDATECART [32m200 [0m22.460 ms - 854[0m
- "POST /api/CONSOLIDATECART"
[[15:54:20.696]] [LOG]    CONSOLIDATE CARTDATA :1
[0mPOST /api/CONSOLIDATECART [32m200 [0m20.049 ms - 854[0m
- "POST /api/CONSOLIDATECART"
[0mOPTIONS /api/CONSOLIDATECART [32m200 [0m0.505 ms - 4[0m
- "OPTIONS /api/CONSOLIDATECART"
[[15:54:25.729]] [LOG]    CONSOLIDATE CARTDATA :1
[0mPOST /api/CONSOLIDATECART [32m200 [0m21.470 ms - 854[0m
- "POST /api/CONSOLIDATECART"
[[15:54:30.717]] [LOG]    CONSOLIDATE CARTDATA :1
[0mPOST /api/CONSOLIDATECART [32m200 [0m18.871 ms - 854[0m
- "POST /api/CONSOLIDATECART"
[0mOPTIONS /api/CONSOLIDATECART [32m200 [0m0.516 ms - 4[0m
- "OPTIONS /api/CONSOLIDATECART"
[[15:54:35.724]] [LOG]    CONSOLIDATE CARTDATA :1
[0mPOST /api/CONSOLIDATECART [32m200 [0m25.136 ms - 854[0m
- "POST /api/CONSOLIDATECART"
[[15:54:40.715]] [LOG]    CONSOLIDATE CARTDATA :1
[0mPOST /api/CONSOLIDATECART [32m200 [0m20.086 ms - 854[0m
- "POST /api/CONSOLIDATECART"
[0mOPTIONS /api/CONSOLIDATECART [32m200 [0m0.486 ms - 4[0m
- "OPTIONS /api/CONSOLIDATECART"
[[15:54:45.724]] [LOG]    CONSOLIDATE CARTDATA :1
[0mPOST /api/CONSOLIDATECART [32m200 [0m19.858 ms - 854[0m
- "POST /api/CONSOLIDATECART"
[[15:54:50.713]] [LOG]    CONSOLIDATE CARTDATA :1
[0mPOST /api/CONSOLIDATECART [32m200 [0m15.781 ms - 854[0m
- "POST /api/CONSOLIDATECART"
[0mOPTIONS /api/CONSOLIDATECART [32m200 [0m0.447 ms - 4[0m
- "OPTIONS /api/CONSOLIDATECART"
[[15:54:55.725]] [LOG]    CONSOLIDATE CARTDATA :1
[0mPOST /api/CONSOLIDATECART [32m200 [0m19.506 ms - 854[0m
- "POST /api/CONSOLIDATECART"
[[15:55:00.714]] [LOG]    CONSOLIDATE CARTDATA :1
[0mPOST /api/CONSOLIDATECART [32m200 [0m22.669 ms - 854[0m
- "POST /api/CONSOLIDATECART"
[0mOPTIONS /api/CONSOLIDATECART [32m200 [0m0.470 ms - 4[0m
- "OPTIONS /api/CONSOLIDATECART"
[[15:55:05.725]] [LOG]    CONSOLIDATE CARTDATA :1
[0mPOST /api/CONSOLIDATECART [32m200 [0m20.797 ms - 854[0m
- "POST /api/CONSOLIDATECART"
[[15:55:10.713]] [LOG]    CONSOLIDATE CARTDATA :1
[0mPOST /api/CONSOLIDATECART [32m200 [0m19.806 ms - 854[0m
- "POST /api/CONSOLIDATECART"
[0mOPTIONS /api/CONSOLIDATECART [32m200 [0m0.476 ms - 4[0m
- "OPTIONS /api/CONSOLIDATECART"
[[15:55:15.725]] [LOG]    CONSOLIDATE CARTDATA :1
[0mPOST /api/CONSOLIDATECART [32m200 [0m21.508 ms - 854[0m
- "POST /api/CONSOLIDATECART"
[[15:55:20.713]] [LOG]    CONSOLIDATE CARTDATA :1
[0mPOST /api/CONSOLIDATECART [32m200 [0m21.641 ms - 854[0m
- "POST /api/CONSOLIDATECART"
[0mOPTIONS /api/CONSOLIDATECART [32m200 [0m0.492 ms - 4[0m
- "OPTIONS /api/CONSOLIDATECART"
[[15:55:25.703]] [LOG]    CONSOLIDATE CARTDATA :1
[0mPOST /api/CONSOLIDATECART [32m200 [0m20.165 ms - 854[0m
- "POST /api/CONSOLIDATECART"
[[15:55:30.692]] [LOG]    CONSOLIDATE CARTDATA :1
[0mPOST /api/CONSOLIDATECART [32m200 [0m21.240 ms - 854[0m
- "POST /api/CONSOLIDATECART"
[0mOPTIONS /api/CONSOLIDATECART [32m200 [0m0.275 ms - 4[0m
- "OPTIONS /api/CONSOLIDATECART"
[[15:55:35.703]] [LOG]    CONSOLIDATE CARTDATA :1
[0mPOST /api/CONSOLIDATECART [32m200 [0m16.342 ms - 854[0m
- "POST /api/CONSOLIDATECART"
[[15:55:40.692]] [LOG]    CONSOLIDATE CARTDATA :1
[0mPOST /api/CONSOLIDATECART [32m200 [0m25.811 ms - 854[0m
- "POST /api/CONSOLIDATECART"
[0mOPTIONS /api/CONSOLIDATECART [32m200 [0m0.491 ms - 4[0m
- "OPTIONS /api/CONSOLIDATECART"
[[15:55:45.703]] [LOG]    CONSOLIDATE CARTDATA :1
[0mPOST /api/CONSOLIDATECART [32m200 [0m21.727 ms - 854[0m
- "POST /api/CONSOLIDATECART"
[[15:55:50.692]] [LOG]    CONSOLIDATE CARTDATA :1
[0mPOST /api/CONSOLIDATECART [32m200 [0m18.100 ms - 854[0m
- "POST /api/CONSOLIDATECART"
[0mOPTIONS /api/CONSOLIDATECART [32m200 [0m0.497 ms - 4[0m
- "OPTIONS /api/CONSOLIDATECART"
[[15:55:55.703]] [LOG]    CONSOLIDATE CARTDATA :1
[0mPOST /api/CONSOLIDATECART [32m200 [0m19.930 ms - 854[0m
- "POST /api/CONSOLIDATECART"
