Error: EBUSY: resource busy or locked, open 'D:\Node\_API\tsdc-project\server\a.js'
    at Object.openSync (fs.js:447:3)
    at Object.readFileSync (fs.js:349:35)
    at Object.Module._extensions..js (internal/modules/cjs/loader.js:786:22)
    at Module.load (internal/modules/cjs/loader.js:643:32)
    at Function.Module._load (internal/modules/cjs/loader.js:556:12)
    at Module.require (internal/modules/cjs/loader.js:683:19)
    at Module.Hook._require.Module.require (C:\Users\Administrator\AppData\Roaming\npm\node_modules\pm2\node_modules\require-in-the-middle\index.js:70:37)
    at require (internal/modules/cjs/helpers.js:16:16)
    at Object.<anonymous> (D:\Node\_API\tsdc-project\server.js:28:16)
    at Module._compile (internal/modules/cjs/loader.js:776:30)
Error: EBUSY: resource busy or locked, open 'D:\Node\_API\tsdc-project\server\a.js'
    at Object.openSync (fs.js:447:3)
    at Object.readFileSync (fs.js:349:35)
    at Object.Module._extensions..js (internal/modules/cjs/loader.js:786:22)
    at Module.load (internal/modules/cjs/loader.js:643:32)
    at Function.Module._load (internal/modules/cjs/loader.js:556:12)
    at Module.require (internal/modules/cjs/loader.js:683:19)
    at Module.Hook._require.Module.require (C:\Users\Administrator\AppData\Roaming\npm\node_modules\pm2\node_modules\require-in-the-middle\index.js:70:37)
    at require (internal/modules/cjs/helpers.js:16:16)
    at Object.<anonymous> (D:\Node\_API\tsdc-project\server.js:28:16)
    at Module._compile (internal/modules/cjs/loader.js:776:30)
Error: EBUSY: resource busy or locked, open 'D:\Node\_API\tsdc-project\server\a.js'
    at Object.openSync (fs.js:447:3)
    at Object.readFileSync (fs.js:349:35)
    at Object.Module._extensions..js (internal/modules/cjs/loader.js:786:22)
    at Module.load (internal/modules/cjs/loader.js:643:32)
    at Function.Module._load (internal/modules/cjs/loader.js:556:12)
    at Module.require (internal/modules/cjs/loader.js:683:19)
    at Module.Hook._require.Module.require (C:\Users\Administrator\AppData\Roaming\npm\node_modules\pm2\node_modules\require-in-the-middle\index.js:70:37)
    at require (internal/modules/cjs/helpers.js:16:16)
    at Object.<anonymous> (D:\Node\_API\tsdc-project\server.js:28:16)
    at Module._compile (internal/modules/cjs/loader.js:776:30)
Error: EBUSY: resource busy or locked, open 'D:\Node\_API\tsdc-project\server\a.js'
    at Object.openSync (fs.js:447:3)
    at Object.readFileSync (fs.js:349:35)
    at Object.Module._extensions..js (internal/modules/cjs/loader.js:786:22)
    at Module.load (internal/modules/cjs/loader.js:643:32)
    at Function.Module._load (internal/modules/cjs/loader.js:556:12)
    at Module.require (internal/modules/cjs/loader.js:683:19)
    at Module.Hook._require.Module.require (C:\Users\Administrator\AppData\Roaming\npm\node_modules\pm2\node_modules\require-in-the-middle\index.js:70:37)
    at require (internal/modules/cjs/helpers.js:16:16)
    at Object.<anonymous> (D:\Node\_API\tsdc-project\server.js:28:16)
    at Module._compile (internal/modules/cjs/loader.js:776:30)
Error: EBUSY: resource busy or locked, open 'D:\Node\_API\tsdc-project\server\a.js'
    at Object.openSync (fs.js:447:3)
    at Object.readFileSync (fs.js:349:35)
    at Object.Module._extensions..js (internal/modules/cjs/loader.js:786:22)
    at Module.load (internal/modules/cjs/loader.js:643:32)
    at Function.Module._load (internal/modules/cjs/loader.js:556:12)
    at Module.require (internal/modules/cjs/loader.js:683:19)
    at Module.Hook._require.Module.require (C:\Users\Administrator\AppData\Roaming\npm\node_modules\pm2\node_modules\require-in-the-middle\index.js:70:37)
    at require (internal/modules/cjs/helpers.js:16:16)
    at Object.<anonymous> (D:\Node\_API\tsdc-project\server.js:28:16)
    at Module._compile (internal/modules/cjs/loader.js:776:30)
Error: EBUSY: resource busy or locked, open 'D:\Node\_API\tsdc-project\server\a.js'
    at Object.openSync (fs.js:447:3)
    at Object.readFileSync (fs.js:349:35)
    at Object.Module._extensions..js (internal/modules/cjs/loader.js:786:22)
    at Module.load (internal/modules/cjs/loader.js:643:32)
    at Function.Module._load (internal/modules/cjs/loader.js:556:12)
    at Module.require (internal/modules/cjs/loader.js:683:19)
    at Module.Hook._require.Module.require (C:\Users\Administrator\AppData\Roaming\npm\node_modules\pm2\node_modules\require-in-the-middle\index.js:70:37)
    at require (internal/modules/cjs/helpers.js:16:16)
    at Object.<anonymous> (D:\Node\_API\tsdc-project\server.js:28:16)
    at Module._compile (internal/modules/cjs/loader.js:776:30)
Error: EBUSY: resource busy or locked, open 'D:\Node\_API\tsdc-project\server\a.js'
    at Object.openSync (fs.js:447:3)
    at Object.readFileSync (fs.js:349:35)
    at Object.Module._extensions..js (internal/modules/cjs/loader.js:786:22)
    at Module.load (internal/modules/cjs/loader.js:643:32)
    at Function.Module._load (internal/modules/cjs/loader.js:556:12)
    at Module.require (internal/modules/cjs/loader.js:683:19)
    at Module.Hook._require.Module.require (C:\Users\Administrator\AppData\Roaming\npm\node_modules\pm2\node_modules\require-in-the-middle\index.js:70:37)
    at require (internal/modules/cjs/helpers.js:16:16)
    at Object.<anonymous> (D:\Node\_API\tsdc-project\server.js:28:16)
    at Module._compile (internal/modules/cjs/loader.js:776:30)
Error: EBUSY: resource busy or locked, open 'D:\Node\_API\tsdc-project\server\a.js'
    at Object.openSync (fs.js:447:3)
    at Object.readFileSync (fs.js:349:35)
    at Object.Module._extensions..js (internal/modules/cjs/loader.js:786:22)
    at Module.load (internal/modules/cjs/loader.js:643:32)
    at Function.Module._load (internal/modules/cjs/loader.js:556:12)
    at Module.require (internal/modules/cjs/loader.js:683:19)
    at Module.Hook._require.Module.require (C:\Users\Administrator\AppData\Roaming\npm\node_modules\pm2\node_modules\require-in-the-middle\index.js:70:37)
    at require (internal/modules/cjs/helpers.js:16:16)
    at Object.<anonymous> (D:\Node\_API\tsdc-project\server.js:28:16)
    at Module._compile (internal/modules/cjs/loader.js:776:30)
Error: EBUSY: resource busy or locked, open 'D:\Node\_API\tsdc-project\server\a.js'
    at Object.openSync (fs.js:447:3)
    at Object.readFileSync (fs.js:349:35)
    at Object.Module._extensions..js (internal/modules/cjs/loader.js:786:22)
    at Module.load (internal/modules/cjs/loader.js:643:32)
    at Function.Module._load (internal/modules/cjs/loader.js:556:12)
    at Module.require (internal/modules/cjs/loader.js:683:19)
    at Module.Hook._require.Module.require (C:\Users\Administrator\AppData\Roaming\npm\node_modules\pm2\node_modules\require-in-the-middle\index.js:70:37)
    at require (internal/modules/cjs/helpers.js:16:16)
    at Object.<anonymous> (D:\Node\_API\tsdc-project\server.js:28:16)
    at Module._compile (internal/modules/cjs/loader.js:776:30)
Error: EBUSY: resource busy or locked, open 'D:\Node\_API\tsdc-project\server\a.js'
    at Object.openSync (fs.js:447:3)
    at Object.readFileSync (fs.js:349:35)
    at Object.Module._extensions..js (internal/modules/cjs/loader.js:786:22)
    at Module.load (internal/modules/cjs/loader.js:643:32)
    at Function.Module._load (internal/modules/cjs/loader.js:556:12)
    at Module.require (internal/modules/cjs/loader.js:683:19)
    at Module.Hook._require.Module.require (C:\Users\Administrator\AppData\Roaming\npm\node_modules\pm2\node_modules\require-in-the-middle\index.js:70:37)
    at require (internal/modules/cjs/helpers.js:16:16)
    at Object.<anonymous> (D:\Node\_API\tsdc-project\server.js:28:16)
    at Module._compile (internal/modules/cjs/loader.js:776:30)
Error: EBUSY: resource busy or locked, open 'D:\Node\_API\tsdc-project\server\a.js'
    at Object.openSync (fs.js:447:3)
    at Object.readFileSync (fs.js:349:35)
    at Object.Module._extensions..js (internal/modules/cjs/loader.js:786:22)
    at Module.load (internal/modules/cjs/loader.js:643:32)
    at Function.Module._load (internal/modules/cjs/loader.js:556:12)
    at Module.require (internal/modules/cjs/loader.js:683:19)
    at Module.Hook._require.Module.require (C:\Users\Administrator\AppData\Roaming\npm\node_modules\pm2\node_modules\require-in-the-middle\index.js:70:37)
    at require (internal/modules/cjs/helpers.js:16:16)
    at Object.<anonymous> (D:\Node\_API\tsdc-project\server.js:28:16)
    at Module._compile (internal/modules/cjs/loader.js:776:30)
Error: EBUSY: resource busy or locked, open 'D:\Node\_API\tsdc-project\server\a.js'
    at Object.openSync (fs.js:447:3)
    at Object.readFileSync (fs.js:349:35)
    at Object.Module._extensions..js (internal/modules/cjs/loader.js:786:22)
    at Module.load (internal/modules/cjs/loader.js:643:32)
    at Function.Module._load (internal/modules/cjs/loader.js:556:12)
    at Module.require (internal/modules/cjs/loader.js:683:19)
    at Module.Hook._require.Module.require (C:\Users\Administrator\AppData\Roaming\npm\node_modules\pm2\node_modules\require-in-the-middle\index.js:70:37)
    at require (internal/modules/cjs/helpers.js:16:16)
    at Object.<anonymous> (D:\Node\_API\tsdc-project\server.js:28:16)
    at Module._compile (internal/modules/cjs/loader.js:776:30)
Error: EBUSY: resource busy or locked, open 'D:\Node\_API\tsdc-project\server\a.js'
    at Object.openSync (fs.js:447:3)
    at Object.readFileSync (fs.js:349:35)
    at Object.Module._extensions..js (internal/modules/cjs/loader.js:786:22)
    at Module.load (internal/modules/cjs/loader.js:643:32)
    at Function.Module._load (internal/modules/cjs/loader.js:556:12)
    at Module.require (internal/modules/cjs/loader.js:683:19)
    at Module.Hook._require.Module.require (C:\Users\Administrator\AppData\Roaming\npm\node_modules\pm2\node_modules\require-in-the-middle\index.js:70:37)
    at require (internal/modules/cjs/helpers.js:16:16)
    at Object.<anonymous> (D:\Node\_API\tsdc-project\server.js:28:16)
    at Module._compile (internal/modules/cjs/loader.js:776:30)
Error: EBUSY: resource busy or locked, open 'D:\Node\_API\tsdc-project\server\a.js'
    at Object.openSync (fs.js:447:3)
    at Object.readFileSync (fs.js:349:35)
    at Object.Module._extensions..js (internal/modules/cjs/loader.js:786:22)
    at Module.load (internal/modules/cjs/loader.js:643:32)
    at Function.Module._load (internal/modules/cjs/loader.js:556:12)
    at Module.require (internal/modules/cjs/loader.js:683:19)
    at Module.Hook._require.Module.require (C:\Users\Administrator\AppData\Roaming\npm\node_modules\pm2\node_modules\require-in-the-middle\index.js:70:37)
    at require (internal/modules/cjs/helpers.js:16:16)
    at Object.<anonymous> (D:\Node\_API\tsdc-project\server.js:28:16)
    at Module._compile (internal/modules/cjs/loader.js:776:30)
Error: EBUSY: resource busy or locked, open 'D:\Node\_API\tsdc-project\server\a.js'
    at Object.openSync (fs.js:447:3)
    at Object.readFileSync (fs.js:349:35)
    at Object.Module._extensions..js (internal/modules/cjs/loader.js:786:22)
    at Module.load (internal/modules/cjs/loader.js:643:32)
    at Function.Module._load (internal/modules/cjs/loader.js:556:12)
    at Module.require (internal/modules/cjs/loader.js:683:19)
    at Module.Hook._require.Module.require (C:\Users\Administrator\AppData\Roaming\npm\node_modules\pm2\node_modules\require-in-the-middle\index.js:70:37)
    at require (internal/modules/cjs/helpers.js:16:16)
    at Object.<anonymous> (D:\Node\_API\tsdc-project\server.js:28:16)
    at Module._compile (internal/modules/cjs/loader.js:776:30)
Error: EBUSY: resource busy or locked, open 'D:\Node\_API\tsdc-project\server\a.js'
    at Object.openSync (fs.js:447:3)
    at Object.readFileSync (fs.js:349:35)
    at Object.Module._extensions..js (internal/modules/cjs/loader.js:786:22)
    at Module.load (internal/modules/cjs/loader.js:643:32)
    at Function.Module._load (internal/modules/cjs/loader.js:556:12)
    at Module.require (internal/modules/cjs/loader.js:683:19)
    at Module.Hook._require.Module.require (C:\Users\Administrator\AppData\Roaming\npm\node_modules\pm2\node_modules\require-in-the-middle\index.js:70:37)
    at require (internal/modules/cjs/helpers.js:16:16)
    at Object.<anonymous> (D:\Node\_API\tsdc-project\server.js:28:16)
    at Module._compile (internal/modules/cjs/loader.js:776:30)
Error: EBUSY: resource busy or locked, open 'D:\Node\_API\tsdc-project\server\a.js'
    at Object.openSync (fs.js:447:3)
    at Object.readFileSync (fs.js:349:35)
    at Object.Module._extensions..js (internal/modules/cjs/loader.js:786:22)
    at Module.load (internal/modules/cjs/loader.js:643:32)
    at Function.Module._load (internal/modules/cjs/loader.js:556:12)
    at Module.require (internal/modules/cjs/loader.js:683:19)
    at Module.Hook._require.Module.require (C:\Users\Administrator\AppData\Roaming\npm\node_modules\pm2\node_modules\require-in-the-middle\index.js:70:37)
    at require (internal/modules/cjs/helpers.js:16:16)
    at Object.<anonymous> (D:\Node\_API\tsdc-project\server.js:28:16)
    at Module._compile (internal/modules/cjs/loader.js:776:30)
Error: EBUSY: resource busy or locked, open 'D:\Node\_API\tsdc-project\server\a.js'
    at Object.openSync (fs.js:447:3)
    at Object.readFileSync (fs.js:349:35)
    at Object.Module._extensions..js (internal/modules/cjs/loader.js:786:22)
    at Module.load (internal/modules/cjs/loader.js:643:32)
    at Function.Module._load (internal/modules/cjs/loader.js:556:12)
    at Module.require (internal/modules/cjs/loader.js:683:19)
    at Module.Hook._require.Module.require (C:\Users\Administrator\AppData\Roaming\npm\node_modules\pm2\node_modules\require-in-the-middle\index.js:70:37)
    at require (internal/modules/cjs/helpers.js:16:16)
    at Object.<anonymous> (D:\Node\_API\tsdc-project\server.js:28:16)
    at Module._compile (internal/modules/cjs/loader.js:776:30)
Error: EBUSY: resource busy or locked, open 'D:\Node\_API\tsdc-project\server\a.js'
    at Object.openSync (fs.js:447:3)
    at Object.readFileSync (fs.js:349:35)
    at Object.Module._extensions..js (internal/modules/cjs/loader.js:786:22)
    at Module.load (internal/modules/cjs/loader.js:643:32)
    at Function.Module._load (internal/modules/cjs/loader.js:556:12)
    at Module.require (internal/modules/cjs/loader.js:683:19)
    at Module.Hook._require.Module.require (C:\Users\Administrator\AppData\Roaming\npm\node_modules\pm2\node_modules\require-in-the-middle\index.js:70:37)
    at require (internal/modules/cjs/helpers.js:16:16)
    at Object.<anonymous> (D:\Node\_API\tsdc-project\server.js:28:16)
    at Module._compile (internal/modules/cjs/loader.js:776:30)
Error: EBUSY: resource busy or locked, open 'D:\Node\_API\tsdc-project\server.js'
    at Object.openSync (fs.js:447:3)
    at Object.readFileSync (fs.js:349:35)
    at Object.Module._extensions..js (internal/modules/cjs/loader.js:786:22)
    at Module.load (internal/modules/cjs/loader.js:643:32)
    at Function.Module._load (internal/modules/cjs/loader.js:556:12)
    at C:\Users\Administrator\AppData\Roaming\npm\node_modules\pm2\lib\ProcessContainer.js:295:23
    at C:\Users\Administrator\AppData\Roaming\npm\node_modules\pm2\node_modules\async\internal\once.js:12:16
    at next (C:\Users\Administrator\AppData\Roaming\npm\node_modules\pm2\node_modules\async\waterfall.js:21:29)
    at C:\Users\Administrator\AppData\Roaming\npm\node_modules\pm2\node_modules\async\internal\onlyOnce.js:12:16
    at WriteStream.<anonymous> (C:\Users\Administrator\AppData\Roaming\npm\node_modules\pm2\lib\Utility.js:186:13)
You have triggered an unhandledRejection, you may have forgotten to catch a Promise rejection:
ConnectionError: Failed to connect to 10.26.1.11:1433 in 15000ms
    at Connection.<anonymous> (D:\Node\_API\tsdc-project\node_modules\mssql\lib\tedious.js:239:17)
    at Object.onceWrapper (events.js:288:20)
    at Connection.emit (events.js:200:13)
    at Connection.connectTimeout (D:\Node\_API\tsdc-project\node_modules\tedious\lib\connection.js:944:12)
    at Timeout._onTimeout (D:\Node\_API\tsdc-project\node_modules\tedious\lib\connection.js:913:16)
    at listOnTimeout (internal/timers.js:531:17)
    at processTimers (internal/timers.js:475:7)
